<?xml version="1.0" encoding="UTF-8"?>
<!-- Generated by org.testng.reporters.JUnitXMLReporter -->
<testsuite ignored="3" hostname="LTIN385503" failures="0" tests="3" name="Test" time="2.429" errors="0" timestamp="2023-05-18T11:07:21 IST">
  <testcase classname="tests.PutUser" name="testPut" time="1.261"/>
  <testcase classname="tests.GetandPostEx" name="testGet" time="0.739"/>
  <testcase classname="tests.PostUser" name="testPost" time="0.406"/>
  <testcase classname="tests.Base" name="@BeforeSuite setUp" time="0.0">
    <ignored/>
  </testcase> <!-- @BeforeSuite setUp -->
  <testcase classname="tests.Base" name="@BeforeSuite setUp" time="0.0">
    <ignored/>
  </testcase> <!-- @BeforeSuite setUp -->
  <testcase classname="tests.Base" name="@BeforeSuite setUp" time="0.0">
    <ignored/>
  </testcase> <!-- @BeforeSuite setUp -->
</testsuite> <!-- Test -->
