<?xml version="1.0" encoding="UTF-8"?>
<!-- Generated by org.testng.reporters.JUnitXMLReporter -->
<testsuite ignored="3" hostname="LTIN385503" failures="0" tests="3" name="Default test" time="2.8" errors="0" timestamp="2023-05-18T11:04:12 IST">
  <testcase classname="tests.GetandPostEx" name="testGet" time="1.945"/>
  <testcase classname="tests.PostUser" name="testPost" time="0.444"/>
  <testcase classname="tests.PutUser" name="testPut" time="0.366"/>
  <testcase classname="tests.Base" name="@BeforeSuite setUp" time="0.0">
    <ignored/>
  </testcase> <!-- @BeforeSuite setUp -->
  <testcase classname="tests.Base" name="@BeforeSuite setUp" time="0.0">
    <ignored/>
  </testcase> <!-- @BeforeSuite setUp -->
  <testcase classname="tests.Base" name="@BeforeSuite setUp" time="0.0">
    <ignored/>
  </testcase> <!-- @BeforeSuite setUp -->
</testsuite> <!-- Default test -->
